[ 2014-08-30T00:54:25+08:00 ] 171.35.157.92 /wmall/mobile.php
INFO: [ app_begin ] --START--
INFO: ReadHtmlCache Behavior ::run [ RunTime:0.003081s ]
INFO: [ app_begin ] --END-- [ RunTime:0.014654s ]
SQL: SHOW COLUMNS FROM `wemall_orders` [ RunTime:0.020140s ]
SQL: SELECT * FROM `wemall_orders` ORDER BY id DESC  [ RunTime:0.019503s ]
SQL: SHOW COLUMNS FROM `wemall_users` [ RunTime:0.020140s ]
SQL: SELECT * FROM `wemall_users` WHERE ( 1=1 AND id='2' ) LIMIT 1   [ RunTime:0.019221s ]
SQL: SHOW COLUMNS FROM `wemall_ordersinfo` [ RunTime:0.020080s ]
SQL: SELECT * FROM `wemall_ordersinfo` WHERE ( 1=1 AND orders_id='7' )  [ RunTime:0.019292s ]
SQL: SELECT * FROM `wemall_users` WHERE ( 1=1 AND id='1' ) LIMIT 1   [ RunTime:0.019275s ]
SQL: SELECT * FROM `wemall_ordersinfo` WHERE ( 1=1 AND orders_id='6' )  [ RunTime:0.019226s ]
SQL: SELECT * FROM `wemall_users` WHERE ( 1=1 AND id='2' ) LIMIT 1   [ RunTime:0.019346s ]
SQL: SELECT * FROM `wemall_ordersinfo` WHERE ( 1=1 AND orders_id='5' )  [ RunTime:0.019391s ]
SQL: SELECT * FROM `wemall_users` WHERE ( 1=1 AND id='2' ) LIMIT 1   [ RunTime:0.019497s ]
SQL: SELECT * FROM `wemall_ordersinfo` WHERE ( 1=1 AND orders_id='4' )  [ RunTime:0.019274s ]
SQL: SELECT * FROM `wemall_users` WHERE ( 1=1 AND id='2' ) LIMIT 1   [ RunTime:0.019451s ]
SQL: SELECT * FROM `wemall_ordersinfo` WHERE ( 1=1 AND orders_id='3' )  [ RunTime:0.019359s ]
SQL: SELECT * FROM `wemall_users` WHERE ( 1=1 AND id='1' ) LIMIT 1   [ RunTime:0.019381s ]
SQL: SELECT * FROM `wemall_ordersinfo` WHERE ( 1=1 AND orders_id='2' )  [ RunTime:0.019414s ]
SQL: SELECT * FROM `wemall_users` WHERE ( 1=1 AND id='1' ) LIMIT 1   [ RunTime:0.019344s ]
SQL: SELECT * FROM `wemall_ordersinfo` WHERE ( 1=1 AND orders_id='1' )  [ RunTime:0.019409s ]
SQL: SHOW COLUMNS FROM `wemall_goods` [ RunTime:0.020086s ]
SQL: SELECT * FROM `wemall_goods`  [ RunTime:0.019295s ]
INFO: [ view_parse ] --START--
INFO: ParseTemplate Behavior ::run [ RunTime:0.056400s ]
INFO: [ view_parse ] --END-- [ RunTime:0.056511s ]
INFO: [ view_filter ] --START--
INFO: ContentReplace Behavior ::run [ RunTime:0.001432s ]
INFO: TokenBuild Behavior ::run [ RunTime:0.008508s ]
INFO: WriteHtmlCache Behavior ::run [ RunTime:0.000905s ]
INFO: ShowRuntime Behavior ::run [ RunTime:0.001035s ]
INFO: [ view_filter ] --END-- [ RunTime:0.012036s ]
INFO: [ view_end ] --START--
INFO: ShowPageTrace Behavior ::run [ RunTime:0.001289s ]
INFO: [ view_end ] --END-- [ RunTime:0.001362s ]

[ 2014-08-30T00:54:57+08:00 ] 171.35.157.92 /wmall/mobile.php/Index/login
INFO: [ route_check ] --START--
INFO: CheckRoute Behavior ::run [ RunTime:0.002022s ]
INFO: [ route_check ] --END-- [ RunTime:0.002136s ]
INFO: [ app_begin ] --START--
INFO: ReadHtmlCache Behavior ::run [ RunTime:0.000447s ]
INFO: [ app_begin ] --END-- [ RunTime:0.000497s ]
SQL: SHOW COLUMNS FROM `wemall_admin` [ RunTime:0.017963s ]
SQL: SELECT * FROM `wemall_admin` WHERE ( `username` = 'wukun' ) AND ( `password` = 'a33e4352b52a12a69a0367b6ea09c286' )  [ RunTime:0.017334s ]
NOTIC: [8] Use of undefined constant id - assumed 'id' /wukun/www/wemall/Mobile/Lib/Action/IndexAction.class.php 第 25 行.

[ 2014-08-30T00:55:01+08:00 ] 171.35.157.92 /wmall/mobile.php/Index/fetchdetail
INFO: [ route_check ] --START--
INFO: CheckRoute Behavior ::run [ RunTime:0.000569s ]
INFO: [ route_check ] --END-- [ RunTime:0.000680s ]
INFO: [ app_begin ] --START--
INFO: ReadHtmlCache Behavior ::run [ RunTime:0.000336s ]
INFO: [ app_begin ] --END-- [ RunTime:0.000382s ]
SQL: SHOW COLUMNS FROM `wemall_orders` [ RunTime:0.018559s ]
SQL: SELECT * FROM `wemall_orders` WHERE ( `orderid` = '2014082918235346' )  [ RunTime:0.017606s ]
SQL: SHOW COLUMNS FROM `wemall_users` [ RunTime:0.018288s ]
SQL: SELECT * FROM `wemall_users` WHERE ( 1=1 AND id='1' ) LIMIT 1   [ RunTime:0.017546s ]
SQL: SHOW COLUMNS FROM `wemall_ordersinfo` [ RunTime:0.018139s ]
SQL: SELECT * FROM `wemall_ordersinfo` WHERE ( 1=1 AND orders_id='2' )  [ RunTime:0.017622s ]

[ 2014-08-30T00:55:12+08:00 ] 171.35.157.92 /wmall/mobile.php/Index/fetchdetail
INFO: [ route_check ] --START--
INFO: CheckRoute Behavior ::run [ RunTime:0.000617s ]
INFO: [ route_check ] --END-- [ RunTime:0.000730s ]
INFO: [ app_begin ] --START--
INFO: ReadHtmlCache Behavior ::run [ RunTime:0.000344s ]
INFO: [ app_begin ] --END-- [ RunTime:0.000392s ]
SQL: SHOW COLUMNS FROM `wemall_orders` [ RunTime:0.021110s ]
SQL: SELECT * FROM `wemall_orders` WHERE ( `orderid` = '2014083000391760' )  [ RunTime:0.020121s ]
SQL: SHOW COLUMNS FROM `wemall_users` [ RunTime:0.021072s ]
SQL: SELECT * FROM `wemall_users` WHERE ( 1=1 AND id='2' ) LIMIT 1   [ RunTime:0.020381s ]
SQL: SHOW COLUMNS FROM `wemall_ordersinfo` [ RunTime:0.020704s ]
SQL: SELECT * FROM `wemall_ordersinfo` WHERE ( 1=1 AND orders_id='7' )  [ RunTime:0.020949s ]

[ 2014-08-30T00:55:19+08:00 ] 171.35.157.92 /wmall/mobile.php/Index/fetchdetail
INFO: [ route_check ] --START--
INFO: CheckRoute Behavior ::run [ RunTime:0.000548s ]
INFO: [ route_check ] --END-- [ RunTime:0.000705s ]
INFO: [ app_begin ] --START--
INFO: ReadHtmlCache Behavior ::run [ RunTime:0.000507s ]
INFO: [ app_begin ] --END-- [ RunTime:0.000569s ]
SQL: SHOW COLUMNS FROM `wemall_orders` [ RunTime:0.021590s ]
SQL: SELECT * FROM `wemall_orders` WHERE ( `orderid` = '2014082918233540' )  [ RunTime:0.020864s ]
SQL: SHOW COLUMNS FROM `wemall_users` [ RunTime:0.021332s ]
SQL: SELECT * FROM `wemall_users` WHERE ( 1=1 AND id='1' ) LIMIT 1   [ RunTime:0.020716s ]
SQL: SHOW COLUMNS FROM `wemall_ordersinfo` [ RunTime:0.021365s ]
SQL: SELECT * FROM `wemall_ordersinfo` WHERE ( 1=1 AND orders_id='1' )  [ RunTime:0.020750s ]

[ 2014-08-30T00:55:33+08:00 ] 171.35.157.92 /wmall/mobile.php/Index/fetchdetail
INFO: [ route_check ] --START--
INFO: CheckRoute Behavior ::run [ RunTime:0.000529s ]
INFO: [ route_check ] --END-- [ RunTime:0.000641s ]
INFO: [ app_begin ] --START--
INFO: ReadHtmlCache Behavior ::run [ RunTime:0.000343s ]
INFO: [ app_begin ] --END-- [ RunTime:0.000412s ]
SQL: SHOW COLUMNS FROM `wemall_orders` [ RunTime:0.019291s ]
SQL: SELECT * FROM `wemall_orders` WHERE ( `orderid` = '2014082918242775' )  [ RunTime:0.018691s ]
SQL: SHOW COLUMNS FROM `wemall_users` [ RunTime:0.019057s ]
SQL: SELECT * FROM `wemall_users` WHERE ( 1=1 AND id='2' ) LIMIT 1   [ RunTime:0.018472s ]
SQL: SHOW COLUMNS FROM `wemall_ordersinfo` [ RunTime:0.019391s ]
SQL: SELECT * FROM `wemall_ordersinfo` WHERE ( 1=1 AND orders_id='3' )  [ RunTime:0.018375s ]

[ 2014-08-30T00:55:41+08:00 ] 171.35.157.92 /wmall/mobile.php/Index/fetchdetail
INFO: [ route_check ] --START--
INFO: CheckRoute Behavior ::run [ RunTime:0.000545s ]
INFO: [ route_check ] --END-- [ RunTime:0.000657s ]
INFO: [ app_begin ] --START--
INFO: ReadHtmlCache Behavior ::run [ RunTime:0.000359s ]
INFO: [ app_begin ] --END-- [ RunTime:0.000407s ]
SQL: SHOW COLUMNS FROM `wemall_orders` [ RunTime:0.020327s ]
SQL: SELECT * FROM `wemall_orders` WHERE ( `orderid` = '2014083000391760' )  [ RunTime:0.019564s ]
SQL: SHOW COLUMNS FROM `wemall_users` [ RunTime:0.020313s ]
SQL: SELECT * FROM `wemall_users` WHERE ( 1=1 AND id='2' ) LIMIT 1   [ RunTime:0.019591s ]
SQL: SHOW COLUMNS FROM `wemall_ordersinfo` [ RunTime:0.020069s ]
SQL: SELECT * FROM `wemall_ordersinfo` WHERE ( 1=1 AND orders_id='7' )  [ RunTime:0.019520s ]

[ 2014-08-30T00:55:45+08:00 ] 171.35.157.92 /wmall/mobile.php/Index/fetchdetail
INFO: [ route_check ] --START--
INFO: CheckRoute Behavior ::run [ RunTime:0.000579s ]
INFO: [ route_check ] --END-- [ RunTime:0.000664s ]
INFO: [ app_begin ] --START--
INFO: ReadHtmlCache Behavior ::run [ RunTime:0.000498s ]
INFO: [ app_begin ] --END-- [ RunTime:0.000558s ]
SQL: SHOW COLUMNS FROM `wemall_orders` [ RunTime:0.022522s ]
SQL: SELECT * FROM `wemall_orders` WHERE ( `orderid` = '2014083000383645' )  [ RunTime:0.021831s ]
SQL: SHOW COLUMNS FROM `wemall_users` [ RunTime:0.022134s ]
SQL: SELECT * FROM `wemall_users` WHERE ( 1=1 AND id='1' ) LIMIT 1   [ RunTime:0.021515s ]
SQL: SHOW COLUMNS FROM `wemall_ordersinfo` [ RunTime:0.021988s ]
SQL: SELECT * FROM `wemall_ordersinfo` WHERE ( 1=1 AND orders_id='6' )  [ RunTime:0.021464s ]

[ 2014-08-30T00:55:55+08:00 ] 171.35.157.92 /wmall/mobile.php/Index/fetchdetail
INFO: [ route_check ] --START--
INFO: CheckRoute Behavior ::run [ RunTime:0.000562s ]
INFO: [ route_check ] --END-- [ RunTime:0.000678s ]
INFO: [ app_begin ] --START--
INFO: ReadHtmlCache Behavior ::run [ RunTime:0.000363s ]
INFO: [ app_begin ] --END-- [ RunTime:0.000412s ]
SQL: SHOW COLUMNS FROM `wemall_orders` [ RunTime:0.018576s ]
SQL: SELECT * FROM `wemall_orders` WHERE ( `orderid` = '2014083000391760' )  [ RunTime:0.017930s ]
SQL: SHOW COLUMNS FROM `wemall_users` [ RunTime:0.018482s ]
SQL: SELECT * FROM `wemall_users` WHERE ( 1=1 AND id='2' ) LIMIT 1   [ RunTime:0.017887s ]
SQL: SHOW COLUMNS FROM `wemall_ordersinfo` [ RunTime:0.018457s ]
SQL: SELECT * FROM `wemall_ordersinfo` WHERE ( 1=1 AND orders_id='7' )  [ RunTime:0.017904s ]

[ 2014-08-30T02:26:04+08:00 ] 171.35.157.92 /wmall/mobile.php/Index/fetchdetail
INFO: [ route_check ] --START--
INFO: CheckRoute Behavior ::run [ RunTime:0.000553s ]
INFO: [ route_check ] --END-- [ RunTime:0.000693s ]
INFO: [ app_begin ] --START--
INFO: ReadHtmlCache Behavior ::run [ RunTime:0.000338s ]
INFO: [ app_begin ] --END-- [ RunTime:0.000385s ]
SQL: SHOW COLUMNS FROM `wemall_orders` [ RunTime:0.018849s ]
SQL: SELECT * FROM `wemall_orders` WHERE ( `orderid` = '2014083000391760' )  [ RunTime:0.018066s ]
SQL: SHOW COLUMNS FROM `wemall_users` [ RunTime:0.018528s ]
SQL: SELECT * FROM `wemall_users` WHERE ( 1=1 AND id='2' ) LIMIT 1   [ RunTime:0.018015s ]
SQL: SHOW COLUMNS FROM `wemall_ordersinfo` [ RunTime:0.019355s ]
SQL: SELECT * FROM `wemall_ordersinfo` WHERE ( 1=1 AND orders_id='7' )  [ RunTime:0.018341s ]

[ 2014-08-30T02:26:05+08:00 ] 171.35.157.92 /wmall/mobile.php/Index/fetchdetail
INFO: [ route_check ] --START--
INFO: CheckRoute Behavior ::run [ RunTime:0.000647s ]
INFO: [ route_check ] --END-- [ RunTime:0.000733s ]
INFO: [ app_begin ] --START--
INFO: ReadHtmlCache Behavior ::run [ RunTime:0.000371s ]
INFO: [ app_begin ] --END-- [ RunTime:0.000428s ]
SQL: SHOW COLUMNS FROM `wemall_orders` [ RunTime:0.022544s ]
SQL: SELECT * FROM `wemall_orders` WHERE ( `orderid` = '2014083000391760' )  [ RunTime:0.021858s ]
SQL: SHOW COLUMNS FROM `wemall_users` [ RunTime:0.022361s ]
SQL: SELECT * FROM `wemall_users` WHERE ( 1=1 AND id='2' ) LIMIT 1   [ RunTime:0.021579s ]
SQL: SHOW COLUMNS FROM `wemall_ordersinfo` [ RunTime:0.022289s ]
SQL: SELECT * FROM `wemall_ordersinfo` WHERE ( 1=1 AND orders_id='7' )  [ RunTime:0.021582s ]

[ 2014-08-30T02:26:20+08:00 ] 171.35.157.92 /wmall/mobile.php/Index/fetchdetail
INFO: [ route_check ] --START--
INFO: CheckRoute Behavior ::run [ RunTime:0.000577s ]
INFO: [ route_check ] --END-- [ RunTime:0.000666s ]
INFO: [ app_begin ] --START--
INFO: ReadHtmlCache Behavior ::run [ RunTime:0.000360s ]
INFO: [ app_begin ] --END-- [ RunTime:0.000407s ]
SQL: SHOW COLUMNS FROM `wemall_orders` [ RunTime:0.020579s ]
SQL: SELECT * FROM `wemall_orders` WHERE ( `orderid` = '2014083000383645' )  [ RunTime:0.019942s ]
SQL: SHOW COLUMNS FROM `wemall_users` [ RunTime:0.020780s ]
SQL: SELECT * FROM `wemall_users` WHERE ( 1=1 AND id='1' ) LIMIT 1   [ RunTime:0.020254s ]
SQL: SHOW COLUMNS FROM `wemall_ordersinfo` [ RunTime:0.020349s ]
SQL: SELECT * FROM `wemall_ordersinfo` WHERE ( 1=1 AND orders_id='6' )  [ RunTime:0.020138s ]

[ 2014-08-30T02:26:33+08:00 ] 171.35.157.92 /wmall/mobile.php/Index/fetchdetail
INFO: [ route_check ] --START--
INFO: CheckRoute Behavior ::run [ RunTime:0.000594s ]
INFO: [ route_check ] --END-- [ RunTime:0.000681s ]
INFO: [ app_begin ] --START--
INFO: ReadHtmlCache Behavior ::run [ RunTime:0.000371s ]
INFO: [ app_begin ] --END-- [ RunTime:0.000419s ]
SQL: SHOW COLUMNS FROM `wemall_orders` [ RunTime:0.019163s ]
SQL: SELECT * FROM `wemall_orders` WHERE ( `orderid` = '2014082918235346' )  [ RunTime:0.018236s ]
SQL: SHOW COLUMNS FROM `wemall_users` [ RunTime:0.018877s ]
SQL: SELECT * FROM `wemall_users` WHERE ( 1=1 AND id='1' ) LIMIT 1   [ RunTime:0.018134s ]
SQL: SHOW COLUMNS FROM `wemall_ordersinfo` [ RunTime:0.019202s ]
SQL: SELECT * FROM `wemall_ordersinfo` WHERE ( 1=1 AND orders_id='2' )  [ RunTime:0.018165s ]

[ 2014-08-30T02:26:36+08:00 ] 171.35.157.92 /wmall/mobile.php/Index/fetchdetail
INFO: [ route_check ] --START--
INFO: CheckRoute Behavior ::run [ RunTime:0.000552s ]
INFO: [ route_check ] --END-- [ RunTime:0.000639s ]
INFO: [ app_begin ] --START--
INFO: ReadHtmlCache Behavior ::run [ RunTime:0.000365s ]
INFO: [ app_begin ] --END-- [ RunTime:0.000414s ]
SQL: SHOW COLUMNS FROM `wemall_orders` [ RunTime:0.021218s ]
SQL: SELECT * FROM `wemall_orders` WHERE ( `orderid` = '2014082918233540' )  [ RunTime:0.020669s ]
SQL: SHOW COLUMNS FROM `wemall_users` [ RunTime:0.021133s ]
SQL: SELECT * FROM `wemall_users` WHERE ( 1=1 AND id='1' ) LIMIT 1   [ RunTime:0.020534s ]
SQL: SHOW COLUMNS FROM `wemall_ordersinfo` [ RunTime:0.021219s ]
SQL: SELECT * FROM `wemall_ordersinfo` WHERE ( 1=1 AND orders_id='1' )  [ RunTime:0.020838s ]

[ 2014-08-30T02:26:40+08:00 ] 171.35.157.92 /wmall/mobile.php/Index/fetchdetail
INFO: [ route_check ] --START--
INFO: CheckRoute Behavior ::run [ RunTime:0.000546s ]
INFO: [ route_check ] --END-- [ RunTime:0.000633s ]
INFO: [ app_begin ] --START--
INFO: ReadHtmlCache Behavior ::run [ RunTime:0.000334s ]
INFO: [ app_begin ] --END-- [ RunTime:0.000384s ]
SQL: SHOW COLUMNS FROM `wemall_orders` [ RunTime:0.023109s ]
SQL: SELECT * FROM `wemall_orders` WHERE ( `orderid` = '2014083000020391' )  [ RunTime:0.020798s ]
SQL: SHOW COLUMNS FROM `wemall_users` [ RunTime:0.021132s ]
SQL: SELECT * FROM `wemall_users` WHERE ( 1=1 AND id='2' ) LIMIT 1   [ RunTime:0.020552s ]
SQL: SHOW COLUMNS FROM `wemall_ordersinfo` [ RunTime:0.021204s ]
SQL: SELECT * FROM `wemall_ordersinfo` WHERE ( 1=1 AND orders_id='4' )  [ RunTime:0.020294s ]

[ 2014-08-30T02:37:13+08:00 ] 171.35.157.92 /wmall/mobile.php
INFO: [ app_begin ] --START--
INFO: ReadHtmlCache Behavior ::run [ RunTime:0.000371s ]
INFO: [ app_begin ] --END-- [ RunTime:0.000452s ]
SQL: SHOW COLUMNS FROM `wemall_orders` [ RunTime:0.018934s ]
SQL: SELECT * FROM `wemall_orders` ORDER BY id DESC  [ RunTime:0.018210s ]
SQL: SHOW COLUMNS FROM `wemall_users` [ RunTime:0.018822s ]
SQL: SELECT * FROM `wemall_users` WHERE ( 1=1 AND id='2' ) LIMIT 1   [ RunTime:0.018205s ]
SQL: SHOW COLUMNS FROM `wemall_ordersinfo` [ RunTime:0.018925s ]
SQL: SELECT * FROM `wemall_ordersinfo` WHERE ( 1=1 AND orders_id='7' )  [ RunTime:0.018030s ]
SQL: SELECT * FROM `wemall_users` WHERE ( 1=1 AND id='1' ) LIMIT 1   [ RunTime:0.018056s ]
SQL: SELECT * FROM `wemall_ordersinfo` WHERE ( 1=1 AND orders_id='6' )  [ RunTime:0.018168s ]
SQL: SELECT * FROM `wemall_users` WHERE ( 1=1 AND id='2' ) LIMIT 1   [ RunTime:0.017966s ]
SQL: SELECT * FROM `wemall_ordersinfo` WHERE ( 1=1 AND orders_id='5' )  [ RunTime:0.018034s ]
SQL: SELECT * FROM `wemall_users` WHERE ( 1=1 AND id='2' ) LIMIT 1   [ RunTime:0.018109s ]
SQL: SELECT * FROM `wemall_ordersinfo` WHERE ( 1=1 AND orders_id='4' )  [ RunTime:0.018036s ]
SQL: SELECT * FROM `wemall_users` WHERE ( 1=1 AND id='2' ) LIMIT 1   [ RunTime:0.017967s ]
SQL: SELECT * FROM `wemall_ordersinfo` WHERE ( 1=1 AND orders_id='3' )  [ RunTime:0.018036s ]
SQL: SELECT * FROM `wemall_users` WHERE ( 1=1 AND id='1' ) LIMIT 1   [ RunTime:0.018037s ]
SQL: SELECT * FROM `wemall_ordersinfo` WHERE ( 1=1 AND orders_id='1' )  [ RunTime:0.018114s ]
SQL: SHOW COLUMNS FROM `wemall_goods` [ RunTime:0.018914s ]
SQL: SELECT * FROM `wemall_goods`  [ RunTime:0.018115s ]
INFO: [ view_parse ] --START--
INFO: ParseTemplate Behavior ::run [ RunTime:0.035675s ]
INFO: [ view_parse ] --END-- [ RunTime:0.035790s ]
INFO: [ view_filter ] --START--
INFO: ContentReplace Behavior ::run [ RunTime:0.000383s ]
INFO: TokenBuild Behavior ::run [ RunTime:0.000234s ]
INFO: WriteHtmlCache Behavior ::run [ RunTime:0.000145s ]
INFO: ShowRuntime Behavior ::run [ RunTime:0.000332s ]
INFO: [ view_filter ] --END-- [ RunTime:0.001241s ]
INFO: [ view_end ] --START--
INFO: ShowPageTrace Behavior ::run [ RunTime:0.000414s ]
INFO: [ view_end ] --END-- [ RunTime:0.000462s ]

[ 2014-08-30T02:37:28+08:00 ] 171.35.157.92 /wmall/mobile.php/Index/login
INFO: [ route_check ] --START--
INFO: CheckRoute Behavior ::run [ RunTime:0.000587s ]
INFO: [ route_check ] --END-- [ RunTime:0.000716s ]
INFO: [ app_begin ] --START--
INFO: ReadHtmlCache Behavior ::run [ RunTime:0.000346s ]
INFO: [ app_begin ] --END-- [ RunTime:0.000428s ]
SQL: SHOW COLUMNS FROM `wemall_admin` [ RunTime:0.020299s ]
SQL: SELECT * FROM `wemall_admin` WHERE ( `username` = 'wukun' ) AND ( `password` = 'a33e4352b52a12a69a0367b6ea09c286' )  [ RunTime:0.019676s ]
NOTIC: [8] Use of undefined constant id - assumed 'id' /wukun/www/wemall/Mobile/Lib/Action/IndexAction.class.php 第 25 行.

[ 2014-08-30T02:37:33+08:00 ] 171.35.157.92 /wmall/mobile.php/Index/fetchdetail
INFO: [ route_check ] --START--
INFO: CheckRoute Behavior ::run [ RunTime:0.000528s ]
INFO: [ route_check ] --END-- [ RunTime:0.000625s ]
INFO: [ app_begin ] --START--
INFO: ReadHtmlCache Behavior ::run [ RunTime:0.000354s ]
INFO: [ app_begin ] --END-- [ RunTime:0.000415s ]
SQL: SHOW COLUMNS FROM `wemall_orders` [ RunTime:0.020297s ]
SQL: SELECT * FROM `wemall_orders` WHERE ( `orderid` = '2014083000391760' )  [ RunTime:0.019336s ]
SQL: SHOW COLUMNS FROM `wemall_users` [ RunTime:0.019923s ]
SQL: SELECT * FROM `wemall_users` WHERE ( 1=1 AND id='2' ) LIMIT 1   [ RunTime:0.019303s ]
SQL: SHOW COLUMNS FROM `wemall_ordersinfo` [ RunTime:0.020222s ]
SQL: SELECT * FROM `wemall_ordersinfo` WHERE ( 1=1 AND orders_id='7' )  [ RunTime:0.019201s ]

